#
# There is insufficient memory for the Java Runtime Environment to continue.
# Native memory allocation (malloc) failed to allocate 823056 bytes for Chunk::new
# Possible reasons:
#   The system is out of physical RAM or swap space
#   The process is running with CompressedOops enabled, and the Java Heap may be blocking the growth of the native heap
# Possible solutions:
#   Reduce memory load on the system
#   Increase physical memory or swap space
#   Check if swap backing store is full
#   Decrease Java heap size (-Xmx/-Xms)
#   Decrease number of Java threads
#   Decrease Java thread stack sizes (-Xss)
#   Set larger code cache with -XX:ReservedCodeCacheSize=
#   JVM is running with Unscaled Compressed Oops mode in which the Java heap is
#     placed in the first 4GB address space. The Java Heap base address is the
#     maximum limit for the native heap growth. Please use -XX:HeapBaseMinAddress
#     to set the Java Heap base and to place the Java Heap above 4GB virtual address.
# This output file may be truncated or incomplete.
#
#  Out of Memory Error (arena.cpp:168), pid=10700, tid=7536
#
# JRE version: Java(TM) SE Runtime Environment (21.0.1+12) (build 21.0.1+12-LTS-29)
# Java VM: Java HotSpot(TM) 64-Bit Server VM (21.0.1+12-LTS-29, mixed mode, sharing, tiered, compressed oops, compressed class ptrs, g1 gc, windows-amd64)
# No core dump will be written. Minidumps are not enabled by default on client versions of Windows
#

---------------  S U M M A R Y ------------

Command Line: -Dfile.encoding=UTF-8 --enable-preview --module-path=C:\Users\Admin\Documents\NetBeansProjects\QuanLyNhanVien\build\classes quanlynhanvien.JfKhenThuong

Host: Intel(R) Core(TM) i3-5005U CPU @ 2.00GHz, 4 cores, 3G,  Windows 10 , 64 bit Build 19041 (10.0.19041.4842)
Time: Tue Sep 24 04:01:58 2024 SE Asia Standard Time elapsed time: 6.722407 seconds (0d 0h 0m 6s)

---------------  T H R E A D  ---------------

Current thread (0x0000025279a58c00):  JavaThread "C2 CompilerThread0" daemon [_thread_in_native, id=7536, stack(0x000000b921900000,0x000000b921a00000) (1024K)]


Current CompileTask:
C2:   6722 2002       4       sun.security.ec.ECOperations::setDouble (463 bytes)

Stack: [0x000000b921900000,0x000000b921a00000]
Native frames: (J=compiled Java code, j=interpreted, Vv=VM code, C=native code)
V  [jvm.dll+0x6c9029]
V  [jvm.dll+0x854b81]
V  [jvm.dll+0x856e5e]
V  [jvm.dll+0x857543]
V  [jvm.dll+0x280c06]
V  [jvm.dll+0xc3ead]
V  [jvm.dll+0xc43c3]
V  [jvm.dll+0x2f3f3f]
V  [jvm.dll+0x5f40a6]
V  [jvm.dll+0x252bef]
V  [jvm.dll+0x252fbf]
V  [jvm.dll+0x24b734]
V  [jvm.dll+0x248fa3]
V  [jvm.dll+0x1c9ca1]
V  [jvm.dll+0x2586b9]
V  [jvm.dll+0x256c9a]
V  [jvm.dll+0x3ef1b6]
V  [jvm.dll+0x7fd728]
V  [jvm.dll+0x6c777d]
C  [ucrtbase.dll+0x21bb2]
C  [KERNEL32.DLL+0x17374]
C  [ntdll.dll+0x4cc91]


---------------  P R O C E S S  ---------------

Threads class SMR info:
_java_thread_list=0x000002527f57b7b0, length=18, elements={
0x0000025279a464b0, 0x0000025279a504a0, 0x0000025279a53f30, 0x0000025279a559a0,
0x0000025279a56400, 0x0000025279a56e60, 0x0000025279a58c00, 0x0000025279a6e100,
0x0000025279a3d5a0, 0x000002527e154ff0, 0x000002527e2fe030, 0x000002527e3006b0,
0x000002527e302d30, 0x000002527e3bdcf0, 0x000002525cc0a3d0, 0x000002527f8097c0,
0x000002527f761840, 0x000002527f838120
}

Java Threads: ( => current thread )
  0x0000025279a464b0 JavaThread "Reference Handler"          daemon [_thread_blocked, id=11420, stack(0x000000b921300000,0x000000b921400000) (1024K)]
  0x0000025279a504a0 JavaThread "Finalizer"                  daemon [_thread_blocked, id=6408, stack(0x000000b921400000,0x000000b921500000) (1024K)]
  0x0000025279a53f30 JavaThread "Signal Dispatcher"          daemon [_thread_blocked, id=9076, stack(0x000000b921500000,0x000000b921600000) (1024K)]
  0x0000025279a559a0 JavaThread "Attach Listener"            daemon [_thread_blocked, id=11700, stack(0x000000b921600000,0x000000b921700000) (1024K)]
  0x0000025279a56400 JavaThread "Service Thread"             daemon [_thread_blocked, id=12248, stack(0x000000b921700000,0x000000b921800000) (1024K)]
  0x0000025279a56e60 JavaThread "Monitor Deflation Thread"   daemon [_thread_blocked, id=5364, stack(0x000000b921800000,0x000000b921900000) (1024K)]
=>0x0000025279a58c00 JavaThread "C2 CompilerThread0"         daemon [_thread_in_native, id=7536, stack(0x000000b921900000,0x000000b921a00000) (1024K)]
  0x0000025279a6e100 JavaThread "C1 CompilerThread0"         daemon [_thread_blocked, id=2700, stack(0x000000b921a00000,0x000000b921b00000) (1024K)]
  0x0000025279a3d5a0 JavaThread "Common-Cleaner"             daemon [_thread_blocked, id=3724, stack(0x000000b921b00000,0x000000b921c00000) (1024K)]
  0x000002527e154ff0 JavaThread "Notification Thread"        daemon [_thread_blocked, id=4324, stack(0x000000b921c00000,0x000000b921d00000) (1024K)]
  0x000002527e2fe030 JavaThread "Java2D Disposer"            daemon [_thread_blocked, id=5832, stack(0x000000b921d00000,0x000000b921e00000) (1024K)]
  0x000002527e3006b0 JavaThread "AWT-Shutdown"                      [_thread_blocked, id=4088, stack(0x000000b921e00000,0x000000b921f00000) (1024K)]
  0x000002527e302d30 JavaThread "AWT-Windows"                daemon [_thread_in_native, id=6960, stack(0x000000b921f00000,0x000000b922000000) (1024K)]
  0x000002527e3bdcf0 JavaThread "AWT-EventQueue-0"                  [_thread_in_native, id=1864, stack(0x000000b922000000,0x000000b922100000) (1024K)]
  0x000002525cc0a3d0 JavaThread "DestroyJavaVM"                     [_thread_blocked, id=8740, stack(0x000000b920b00000,0x000000b920c00000) (1024K)]
  0x000002527f8097c0 JavaThread "TimerQueue"                 daemon [_thread_blocked, id=1652, stack(0x000000b922100000,0x000000b922200000) (1024K)]
  0x000002527f761840 JavaThread "Image Fetcher 0"            daemon [_thread_blocked, id=6600, stack(0x000000b922200000,0x000000b922300000) (1024K)]
  0x000002527f838120 JavaThread "C2 CompilerThread1"         daemon [_thread_blocked, id=548, stack(0x000000b922a00000,0x000000b922b00000) (1024K)]
Total: 18

Other Threads:
  0x000002525ee9a210 VMThread "VM Thread"                           [id=8656, stack(0x000000b921200000,0x000000b921300000) (1024K)]
  0x0000025279a3c210 WatcherThread "VM Periodic Task Thread"        [id=11852, stack(0x000000b921100000,0x000000b921200000) (1024K)]
  0x000002525ee0fdb0 WorkerThread "GC Thread#0"                     [id=11560, stack(0x000000b920c00000,0x000000b920d00000) (1024K)]
  0x000002525ee9a950 WorkerThread "GC Thread#1"                     [id=2880, stack(0x000000b922600000,0x000000b922700000) (1024K)]
  0x000002525ee9bb70 WorkerThread "GC Thread#2"                     [id=7248, stack(0x000000b922700000,0x000000b922800000) (1024K)]
  0x000002525ee9b090 WorkerThread "GC Thread#3"                     [id=11440, stack(0x000000b922800000,0x000000b922900000) (1024K)]
  0x000002525ee19420 ConcurrentGCThread "G1 Main Marker"            [id=1576, stack(0x000000b920d00000,0x000000b920e00000) (1024K)]
  0x000002525ee1b5e0 WorkerThread "G1 Conc#0"                       [id=8432, stack(0x000000b920e00000,0x000000b920f00000) (1024K)]
  0x000002525ee6f610 ConcurrentGCThread "G1 Refine#0"               [id=4784, stack(0x000000b920f00000,0x000000b921000000) (1024K)]
  0x000002525ee70090 ConcurrentGCThread "G1 Service"                [id=7468, stack(0x000000b921000000,0x000000b921100000) (1024K)]
Total: 10

Threads with active compile tasks:
C2 CompilerThread0     6877 2002       4       sun.security.ec.ECOperations::setDouble (463 bytes)
Total: 1

VM state: not at safepoint (normal execution)

VM Mutex/Monitor currently owned by a thread: None

Heap address: 0x00000000c1600000, size: 1002 MB, Compressed Oops mode: 32-bit

CDS archive(s) mapped at: [0x0000025200000000-0x0000025200c90000-0x0000025200c90000), size 13172736, SharedBaseAddress: 0x0000025200000000, ArchiveRelocationMode: 1.
Compressed class space mapped at: 0x0000025201000000-0x0000025241000000, reserved size: 1073741824
Narrow klass base: 0x0000025200000000, Narrow klass shift: 0, Narrow klass range: 0x100000000

GC Precious Log:
 CardTable entry size: 512
 Card Set container configuration: InlinePtr #cards 5 size 8 Array Of Cards #cards 12 size 40 Howl #buckets 4 coarsen threshold 1843 Howl Bitmap #cards 512 size 80 coarsen threshold 460 Card regions per heap region 1 cards per card region 2048
 CPUs: 4 total, 4 available
 Memory: 4005M
 Large Page Support: Disabled
 NUMA Support: Disabled
 Compressed Oops: Enabled (32-bit)
 Heap Region Size: 1M
 Heap Min Capacity: 8M
 Heap Initial Capacity: 64M
 Heap Max Capacity: 1002M
 Pre-touch: Disabled
 Parallel Workers: 4
 Concurrent Workers: 1
 Concurrent Refinement Workers: 4
 Periodic GC: Disabled

Heap:
 garbage-first heap   total 65536K, used 12480K [0x00000000c1600000, 0x0000000100000000)
  region size 1024K, 12 young (12288K), 2 survivors (2048K)
 Metaspace       used 18907K, committed 19200K, reserved 1114112K
  class space    used 2182K, committed 2304K, reserved 1048576K

Heap Regions: E=young(eden), S=young(survivor), O=old, HS=humongous(starts), HC=humongous(continues), CS=collection set, F=free, TAMS=top-at-mark-start, PB=parsable bottom
|   0|0x00000000c1600000, 0x00000000c1700000, 0x00000000c1700000|100%| O|  |TAMS 0x00000000c1600000| PB 0x00000000c1600000| Untracked 
|   1|0x00000000c1700000, 0x00000000c1800000, 0x00000000c1800000|100%| O|  |TAMS 0x00000000c1700000| PB 0x00000000c1700000| Untracked 
|   2|0x00000000c1800000, 0x00000000c1830000, 0x00000000c1900000| 18%| O|  |TAMS 0x00000000c1800000| PB 0x00000000c1800000| Untracked 
|   3|0x00000000c1900000, 0x00000000c1900000, 0x00000000c1a00000|  0%| F|  |TAMS 0x00000000c1900000| PB 0x00000000c1900000| Untracked 
|   4|0x00000000c1a00000, 0x00000000c1a00000, 0x00000000c1b00000|  0%| F|  |TAMS 0x00000000c1a00000| PB 0x00000000c1a00000| Untracked 
|   5|0x00000000c1b00000, 0x00000000c1b00000, 0x00000000c1c00000|  0%| F|  |TAMS 0x00000000c1b00000| PB 0x00000000c1b00000| Untracked 
|   6|0x00000000c1c00000, 0x00000000c1c00000, 0x00000000c1d00000|  0%| F|  |TAMS 0x00000000c1c00000| PB 0x00000000c1c00000| Untracked 
|   7|0x00000000c1d00000, 0x00000000c1d00000, 0x00000000c1e00000|  0%| F|  |TAMS 0x00000000c1d00000| PB 0x00000000c1d00000| Untracked 
|   8|0x00000000c1e00000, 0x00000000c1e00000, 0x00000000c1f00000|  0%| F|  |TAMS 0x00000000c1e00000| PB 0x00000000c1e00000| Untracked 
|   9|0x00000000c1f00000, 0x00000000c1f00000, 0x00000000c2000000|  0%| F|  |TAMS 0x00000000c1f00000| PB 0x00000000c1f00000| Untracked 
|  10|0x00000000c2000000, 0x00000000c2000000, 0x00000000c2100000|  0%| F|  |TAMS 0x00000000c2000000| PB 0x00000000c2000000| Untracked 
|  11|0x00000000c2100000, 0x00000000c2100000, 0x00000000c2200000|  0%| F|  |TAMS 0x00000000c2100000| PB 0x00000000c2100000| Untracked 
|  12|0x00000000c2200000, 0x00000000c2200000, 0x00000000c2300000|  0%| F|  |TAMS 0x00000000c2200000| PB 0x00000000c2200000| Untracked 
|  13|0x00000000c2300000, 0x00000000c2300000, 0x00000000c2400000|  0%| F|  |TAMS 0x00000000c2300000| PB 0x00000000c2300000| Untracked 
|  14|0x00000000c2400000, 0x00000000c2400000, 0x00000000c2500000|  0%| F|  |TAMS 0x00000000c2400000| PB 0x00000000c2400000| Untracked 
|  15|0x00000000c2500000, 0x00000000c2500000, 0x00000000c2600000|  0%| F|  |TAMS 0x00000000c2500000| PB 0x00000000c2500000| Untracked 
|  16|0x00000000c2600000, 0x00000000c2600000, 0x00000000c2700000|  0%| F|  |TAMS 0x00000000c2600000| PB 0x00000000c2600000| Untracked 
|  17|0x00000000c2700000, 0x00000000c2700000, 0x00000000c2800000|  0%| F|  |TAMS 0x00000000c2700000| PB 0x00000000c2700000| Untracked 
|  18|0x00000000c2800000, 0x00000000c2800000, 0x00000000c2900000|  0%| F|  |TAMS 0x00000000c2800000| PB 0x00000000c2800000| Untracked 
|  19|0x00000000c2900000, 0x00000000c2900000, 0x00000000c2a00000|  0%| F|  |TAMS 0x00000000c2900000| PB 0x00000000c2900000| Untracked 
|  20|0x00000000c2a00000, 0x00000000c2a00000, 0x00000000c2b00000|  0%| F|  |TAMS 0x00000000c2a00000| PB 0x00000000c2a00000| Untracked 
|  21|0x00000000c2b00000, 0x00000000c2b00000, 0x00000000c2c00000|  0%| F|  |TAMS 0x00000000c2b00000| PB 0x00000000c2b00000| Untracked 
|  22|0x00000000c2c00000, 0x00000000c2c00000, 0x00000000c2d00000|  0%| F|  |TAMS 0x00000000c2c00000| PB 0x00000000c2c00000| Untracked 
|  23|0x00000000c2d00000, 0x00000000c2d00000, 0x00000000c2e00000|  0%| F|  |TAMS 0x00000000c2d00000| PB 0x00000000c2d00000| Untracked 
|  24|0x00000000c2e00000, 0x00000000c2e00000, 0x00000000c2f00000|  0%| F|  |TAMS 0x00000000c2e00000| PB 0x00000000c2e00000| Untracked 
|  25|0x00000000c2f00000, 0x00000000c2f00000, 0x00000000c3000000|  0%| F|  |TAMS 0x00000000c2f00000| PB 0x00000000c2f00000| Untracked 
|  26|0x00000000c3000000, 0x00000000c3000000, 0x00000000c3100000|  0%| F|  |TAMS 0x00000000c3000000| PB 0x00000000c3000000| Untracked 
|  27|0x00000000c3100000, 0x00000000c3100000, 0x00000000c3200000|  0%| F|  |TAMS 0x00000000c3100000| PB 0x00000000c3100000| Untracked 
|  28|0x00000000c3200000, 0x00000000c3200000, 0x00000000c3300000|  0%| F|  |TAMS 0x00000000c3200000| PB 0x00000000c3200000| Untracked 
|  29|0x00000000c3300000, 0x00000000c3300000, 0x00000000c3400000|  0%| F|  |TAMS 0x00000000c3300000| PB 0x00000000c3300000| Untracked 
|  30|0x00000000c3400000, 0x00000000c3400000, 0x00000000c3500000|  0%| F|  |TAMS 0x00000000c3400000| PB 0x00000000c3400000| Untracked 
|  31|0x00000000c3500000, 0x00000000c3500000, 0x00000000c3600000|  0%| F|  |TAMS 0x00000000c3500000| PB 0x00000000c3500000| Untracked 
|  32|0x00000000c3600000, 0x00000000c3600000, 0x00000000c3700000|  0%| F|  |TAMS 0x00000000c3600000| PB 0x00000000c3600000| Untracked 
|  33|0x00000000c3700000, 0x00000000c3700000, 0x00000000c3800000|  0%| F|  |TAMS 0x00000000c3700000| PB 0x00000000c3700000| Untracked 
|  34|0x00000000c3800000, 0x00000000c3800000, 0x00000000c3900000|  0%| F|  |TAMS 0x00000000c3800000| PB 0x00000000c3800000| Untracked 
|  35|0x00000000c3900000, 0x00000000c3900000, 0x00000000c3a00000|  0%| F|  |TAMS 0x00000000c3900000| PB 0x00000000c3900000| Untracked 
|  36|0x00000000c3a00000, 0x00000000c3a00000, 0x00000000c3b00000|  0%| F|  |TAMS 0x00000000c3a00000| PB 0x00000000c3a00000| Untracked 
|  37|0x00000000c3b00000, 0x00000000c3b00000, 0x00000000c3c00000|  0%| F|  |TAMS 0x00000000c3b00000| PB 0x00000000c3b00000| Untracked 
|  38|0x00000000c3c00000, 0x00000000c3c00000, 0x00000000c3d00000|  0%| F|  |TAMS 0x00000000c3c00000| PB 0x00000000c3c00000| Untracked 
|  39|0x00000000c3d00000, 0x00000000c3d00000, 0x00000000c3e00000|  0%| F|  |TAMS 0x00000000c3d00000| PB 0x00000000c3d00000| Untracked 
|  40|0x00000000c3e00000, 0x00000000c3e00000, 0x00000000c3f00000|  0%| F|  |TAMS 0x00000000c3e00000| PB 0x00000000c3e00000| Untracked 
|  41|0x00000000c3f00000, 0x00000000c3f00000, 0x00000000c4000000|  0%| F|  |TAMS 0x00000000c3f00000| PB 0x00000000c3f00000| Untracked 
|  42|0x00000000c4000000, 0x00000000c4000000, 0x00000000c4100000|  0%| F|  |TAMS 0x00000000c4000000| PB 0x00000000c4000000| Untracked 
|  43|0x00000000c4100000, 0x00000000c4100000, 0x00000000c4200000|  0%| F|  |TAMS 0x00000000c4100000| PB 0x00000000c4100000| Untracked 
|  44|0x00000000c4200000, 0x00000000c4200000, 0x00000000c4300000|  0%| F|  |TAMS 0x00000000c4200000| PB 0x00000000c4200000| Untracked 
|  45|0x00000000c4300000, 0x00000000c4300000, 0x00000000c4400000|  0%| F|  |TAMS 0x00000000c4300000| PB 0x00000000c4300000| Untracked 
|  46|0x00000000c4400000, 0x00000000c4400000, 0x00000000c4500000|  0%| F|  |TAMS 0x00000000c4400000| PB 0x00000000c4400000| Untracked 
|  47|0x00000000c4500000, 0x00000000c4500000, 0x00000000c4600000|  0%| F|  |TAMS 0x00000000c4500000| PB 0x00000000c4500000| Untracked 
|  48|0x00000000c4600000, 0x00000000c4600000, 0x00000000c4700000|  0%| F|  |TAMS 0x00000000c4600000| PB 0x00000000c4600000| Untracked 
|  49|0x00000000c4700000, 0x00000000c4800000, 0x00000000c4800000|100%| S|CS|TAMS 0x00000000c4700000| PB 0x00000000c4700000| Complete 
|  50|0x00000000c4800000, 0x00000000c4900000, 0x00000000c4900000|100%| S|CS|TAMS 0x00000000c4800000| PB 0x00000000c4800000| Complete 
|  51|0x00000000c4900000, 0x00000000c4900000, 0x00000000c4a00000|  0%| F|  |TAMS 0x00000000c4900000| PB 0x00000000c4900000| Untracked 
|  52|0x00000000c4a00000, 0x00000000c4a00000, 0x00000000c4b00000|  0%| F|  |TAMS 0x00000000c4a00000| PB 0x00000000c4a00000| Untracked 
|  53|0x00000000c4b00000, 0x00000000c4b00000, 0x00000000c4c00000|  0%| F|  |TAMS 0x00000000c4b00000| PB 0x00000000c4b00000| Untracked 
|  54|0x00000000c4c00000, 0x00000000c4ca8460, 0x00000000c4d00000| 65%| E|  |TAMS 0x00000000c4c00000| PB 0x00000000c4c00000| Complete 
|  55|0x00000000c4d00000, 0x00000000c4e00000, 0x00000000c4e00000|100%| E|CS|TAMS 0x00000000c4d00000| PB 0x00000000c4d00000| Complete 
|  56|0x00000000c4e00000, 0x00000000c4f00000, 0x00000000c4f00000|100%| E|CS|TAMS 0x00000000c4e00000| PB 0x00000000c4e00000| Complete 
|  57|0x00000000c4f00000, 0x00000000c5000000, 0x00000000c5000000|100%| E|CS|TAMS 0x00000000c4f00000| PB 0x00000000c4f00000| Complete 
|  58|0x00000000c5000000, 0x00000000c5100000, 0x00000000c5100000|100%| E|CS|TAMS 0x00000000c5000000| PB 0x00000000c5000000| Complete 
|  59|0x00000000c5100000, 0x00000000c5200000, 0x00000000c5200000|100%| E|  |TAMS 0x00000000c5100000| PB 0x00000000c5100000| Complete 
|  60|0x00000000c5200000, 0x00000000c5300000, 0x00000000c5300000|100%| E|CS|TAMS 0x00000000c5200000| PB 0x00000000c5200000| Complete 
|  61|0x00000000c5300000, 0x00000000c5400000, 0x00000000c5400000|100%| E|CS|TAMS 0x00000000c5300000| PB 0x00000000c5300000| Complete 
|  62|0x00000000c5400000, 0x00000000c5500000, 0x00000000c5500000|100%| E|CS|TAMS 0x00000000c5400000| PB 0x00000000c5400000| Complete 
|  63|0x00000000c5500000, 0x00000000c5600000, 0x00000000c5600000|100%| E|CS|TAMS 0x00000000c5500000| PB 0x00000000c5500000| Complete 

Card table byte_map: [0x0000025276440000,0x0000025276640000] _byte_map_base: 0x0000025275e35000

Marking Bits: (CMBitMap*) 0x000002525ee103c0
 Bits: [0x0000025276640000, 0x00000252775e8000)

Polling page: 0x000002525cbd0000

Metaspace:

Usage:
  Non-class:     16.33 MB used.
      Class:      2.13 MB used.
       Both:     18.46 MB used.

Virtual space:
  Non-class space:       64.00 MB reserved,      16.50 MB ( 26%) committed,  1 nodes.
      Class space:        1.00 GB reserved,       2.25 MB ( <1%) committed,  1 nodes.
             Both:        1.06 GB reserved,      18.75 MB (  2%) committed. 

Chunk freelists:
   Non-Class:  14.91 MB
       Class:  13.70 MB
        Both:  28.61 MB

MaxMetaspaceSize: unlimited
CompressedClassSpaceSize: 1.00 GB
Initial GC threshold: 21.00 MB
Current GC threshold: 21.00 MB
CDS: on
 - commit_granule_bytes: 65536.
 - commit_granule_words: 8192.
 - virtual_space_node_default_size: 8388608.
 - enlarge_chunks_in_place: 1.
 - use_allocation_guard: 0.


Internal statistics:

num_allocs_failed_limit: 0.
num_arena_births: 206.
num_arena_deaths: 0.
num_vsnodes_births: 2.
num_vsnodes_deaths: 0.
num_space_committed: 300.
num_space_uncommitted: 0.
num_chunks_returned_to_freelist: 0.
num_chunks_taken_from_freelist: 376.
num_chunk_merges: 0.
num_chunk_splits: 211.
num_chunks_enlarged: 100.
num_inconsistent_stats: 0.

CodeHeap 'non-profiled nmethods': size=120000Kb used=662Kb max_used=662Kb free=119337Kb
 bounds [0x000002526ed10000, 0x000002526ef80000, 0x0000025276240000]
CodeHeap 'profiled nmethods': size=120000Kb used=3770Kb max_used=3770Kb free=116229Kb
 bounds [0x0000025267240000, 0x00000252675f0000, 0x000002526e770000]
CodeHeap 'non-nmethods': size=5760Kb used=1672Kb max_used=1688Kb free=4087Kb
 bounds [0x000002526e770000, 0x000002526e9e0000, 0x000002526ed10000]
 total_blobs=2715 nmethods=2004 adapters=615
 compilation: enabled
              stopped_count=0, restarted_count=0
 full_count=0

Compilation events (20 events):
Event: 6.534 Thread 0x000002527f838120 1985       4       sun.security.util.math.intpoly.IntegerPolynomialP256::square (613 bytes)
Event: 6.536 Thread 0x0000025279a58c00 nmethod 1989 0x000002526edb2290 code [0x000002526edb2440, 0x000002526edb2588]
Event: 6.536 Thread 0x0000025279a58c00 1992       4       sun.security.ec.point.ProjectivePoint$Mutable::conditionalSet (53 bytes)
Event: 6.549 Thread 0x000002527f838120 nmethod 1985 0x000002526edb2710 code [0x000002526edb28c0, 0x000002526edb2e50]
Event: 6.549 Thread 0x000002527f838120 1998       4       sun.security.ec.ECOperations$PointMultiplier::lookup (84 bytes)
Event: 6.550 Thread 0x0000025279a6e100 2000       3       sun.security.util.math.intpoly.IntegerPolynomial::get0 (10 bytes)
Event: 6.550 Thread 0x0000025279a6e100 nmethod 2000 0x00000252675ed610 code [0x00000252675ed7c0, 0x00000252675ed9d0]
Event: 6.550 Thread 0x0000025279a6e100 2001       3       sun.security.util.math.intpoly.IntegerPolynomial::get0 (5 bytes)
Event: 6.551 Thread 0x0000025279a6e100 nmethod 2001 0x00000252675edb10 code [0x00000252675edcc0, 0x00000252675edfb0]
Event: 6.573 Thread 0x0000025279a58c00 nmethod 1992 0x000002526edb3010 code [0x000002526edb3200, 0x000002526edb3ae8]
Event: 6.573 Thread 0x0000025279a58c00 1999       4       sun.security.util.math.intpoly.IntegerPolynomialP256::reduce (40 bytes)
Event: 6.575 Thread 0x0000025279a58c00 nmethod 1999 0x000002526edb4010 code [0x000002526edb41a0, 0x000002526edb42d8]
Event: 6.575 Thread 0x0000025279a58c00 2002       4       sun.security.ec.ECOperations::setDouble (463 bytes)
Event: 6.598 Thread 0x000002527f838120 nmethod 1998 0x000002526edb4410 code [0x000002526edb4600, 0x000002526edb5068]
Event: 6.599 Thread 0x000002527f838120 2003       4       sun.security.util.math.intpoly.IntegerPolynomial$MutableElement::setAdditiveInverse (32 bytes)
Event: 6.606 Thread 0x000002527f838120 nmethod 2003 0x000002526edb5710 code [0x000002526edb58a0, 0x000002526edb5a60]
Event: 6.611 Thread 0x0000025279a6e100 2004       3       sun.security.ec.ECOperations$PointMultiplier$Secp256R1GeneratorMultiplier::bit (13 bytes)
Event: 6.612 Thread 0x0000025279a6e100 nmethod 2004 0x00000252675ee110 code [0x00000252675ee2a0, 0x00000252675ee3c8]
Event: 6.614 Thread 0x0000025279a6e100 2005       3       java.util.LinkedHashMap::get (29 bytes)
Event: 6.614 Thread 0x0000025279a6e100 nmethod 2005 0x00000252675ee490 code [0x00000252675ee660, 0x00000252675ee8c0]

GC Heap History (2 events):
Event: 3.672 GC heap before
{Heap before GC invocations=0 (full 0):
 garbage-first heap   total 65536K, used 12288K [0x00000000c1600000, 0x0000000100000000)
  region size 1024K, 13 young (13312K), 0 survivors (0K)
 Metaspace       used 12128K, committed 12352K, reserved 1114112K
  class space    used 1474K, committed 1600K, reserved 1048576K
}
Event: 3.686 GC heap after
{Heap after GC invocations=1 (full 0):
 garbage-first heap   total 65536K, used 4288K [0x00000000c1600000, 0x0000000100000000)
  region size 1024K, 2 young (2048K), 2 survivors (2048K)
 Metaspace       used 12128K, committed 12352K, reserved 1114112K
  class space    used 1474K, committed 1600K, reserved 1048576K
}

Dll operation events (12 events):
Event: 0.014 Loaded shared library C:\Program Files\Java\jdk-21\bin\java.dll
Event: 0.100 Loaded shared library C:\Program Files\Java\jdk-21\bin\jsvml.dll
Event: 0.248 Loaded shared library C:\Program Files\Java\jdk-21\bin\net.dll
Event: 0.251 Loaded shared library C:\Program Files\Java\jdk-21\bin\nio.dll
Event: 0.373 Loaded shared library C:\Program Files\Java\jdk-21\bin\zip.dll
Event: 0.405 Loaded shared library C:\Program Files\Java\jdk-21\bin\jimage.dll
Event: 0.601 Loaded shared library C:\Program Files\Java\jdk-21\bin\awt.dll
Event: 1.153 Loaded shared library C:\Program Files\Java\jdk-21\bin\freetype.dll
Event: 1.155 Loaded shared library C:\Program Files\Java\jdk-21\bin\fontmanager.dll
Event: 1.943 Loaded shared library C:\Program Files\Java\jdk-21\bin\verify.dll
Event: 5.018 Loaded shared library C:\Program Files\Java\jdk-21\bin\extnet.dll
Event: 6.051 Loaded shared library C:\Program Files\Java\jdk-21\bin\sunmscapi.dll

Deoptimization events (20 events):
Event: 4.778 Thread 0x000002527e3bdcf0 DEOPT PACKING pc=0x000002526750c2ca sp=0x000000b9220fc070
Event: 4.778 Thread 0x000002527e3bdcf0 DEOPT UNPACKING pc=0x000002526e7c4e42 sp=0x000000b9220fb4e8 mode 0
Event: 4.779 Thread 0x000002527e3bdcf0 DEOPT PACKING pc=0x000002526750c468 sp=0x000000b9220fc070
Event: 4.779 Thread 0x000002527e3bdcf0 DEOPT UNPACKING pc=0x000002526e7c4e42 sp=0x000000b9220fb4e8 mode 0
Event: 4.780 Thread 0x000002527e3bdcf0 DEOPT PACKING pc=0x000002526750c468 sp=0x000000b9220fc070
Event: 4.780 Thread 0x000002527e3bdcf0 DEOPT UNPACKING pc=0x000002526e7c4e42 sp=0x000000b9220fb4e8 mode 0
Event: 4.780 Thread 0x000002527e3bdcf0 DEOPT PACKING pc=0x000002526750c468 sp=0x000000b9220fc070
Event: 4.780 Thread 0x000002527e3bdcf0 DEOPT UNPACKING pc=0x000002526e7c4e42 sp=0x000000b9220fb4e8 mode 0
Event: 4.780 Thread 0x000002527e3bdcf0 DEOPT PACKING pc=0x000002526750c468 sp=0x000000b9220fc070
Event: 4.780 Thread 0x000002527e3bdcf0 DEOPT UNPACKING pc=0x000002526e7c4e42 sp=0x000000b9220fb4e8 mode 0
Event: 4.781 Thread 0x000002527e3bdcf0 DEOPT PACKING pc=0x000002526750c2ca sp=0x000000b9220fc070
Event: 4.781 Thread 0x000002527e3bdcf0 DEOPT UNPACKING pc=0x000002526e7c4e42 sp=0x000000b9220fb4e8 mode 0
Event: 5.271 Thread 0x000002527e3bdcf0 Uncommon trap: trap_request=0xffffff45 fr.pc=0x000002526ed7c788 relative=0x0000000000000ca8
Event: 5.271 Thread 0x000002527e3bdcf0 Uncommon trap: reason=unstable_if action=reinterpret pc=0x000002526ed7c788 method=java.util.concurrent.ConcurrentHashMap.putVal(Ljava/lang/Object;Ljava/lang/Object;Z)Ljava/lang/Object; @ 219 c2
Event: 5.271 Thread 0x000002527e3bdcf0 DEOPT PACKING pc=0x000002526ed7c788 sp=0x000000b9220fe330
Event: 5.271 Thread 0x000002527e3bdcf0 DEOPT UNPACKING pc=0x000002526e7c46a2 sp=0x000000b9220fe2a0 mode 2
Event: 5.633 Thread 0x000002527e3bdcf0 Uncommon trap: trap_request=0xffffffde fr.pc=0x000002526ed462e4 relative=0x0000000000000304
Event: 5.633 Thread 0x000002527e3bdcf0 Uncommon trap: reason=class_check action=maybe_recompile pc=0x000002526ed462e4 method=java.util.regex.Pattern$BmpCharPropertyGreedy.match(Ljava/util/regex/Matcher;ILjava/lang/CharSequence;)Z @ 26 c2
Event: 5.633 Thread 0x000002527e3bdcf0 DEOPT PACKING pc=0x000002526ed462e4 sp=0x000000b9220fb120
Event: 5.633 Thread 0x000002527e3bdcf0 DEOPT UNPACKING pc=0x000002526e7c46a2 sp=0x000000b9220fb0d8 mode 2

Classes loaded (20 events):
Event: 6.404 Loading class sun/security/util/math/intpoly/IntegerPolynomialP521
Event: 6.408 Loading class sun/security/util/math/intpoly/IntegerPolynomialP521 done
Event: 6.409 Loading class sun/security/util/math/intpoly/P384OrderField
Event: 6.412 Loading class sun/security/util/math/intpoly/P384OrderField done
Event: 6.413 Loading class sun/security/util/math/intpoly/P521OrderField
Event: 6.416 Loading class sun/security/util/math/intpoly/P521OrderField done
Event: 6.419 Loading class java/security/interfaces/ECPrivateKey
Event: 6.419 Loading class java/security/interfaces/ECPrivateKey done
Event: 6.420 Loading class sun/security/util/ArrayUtil
Event: 6.420 Loading class sun/security/util/ArrayUtil done
Event: 6.432 Loading class sun/security/util/math/IntegerModuloP$MultiplicativeInverser$Secp256R1
Event: 6.433 Loading class sun/security/util/math/IntegerModuloP$MultiplicativeInverser$Secp256R1 done
Event: 6.612 Loading class java/security/interfaces/ECPublicKey
Event: 6.612 Loading class java/security/interfaces/ECPublicKey done
Event: 6.613 Loading class sun/security/ssl/KeyShareExtension$CHKeyShareSpec
Event: 6.613 Loading class sun/security/ssl/KeyShareExtension$CHKeyShareSpec done
Event: 6.614 Loading class sun/security/ssl/OutputRecord$T13PaddingHolder
Event: 6.614 Loading class sun/security/ssl/OutputRecord$T13PaddingHolder done
Event: 6.614 Loading class sun/security/ssl/ContentType
Event: 6.614 Loading class sun/security/ssl/ContentType done

Classes unloaded (0 events):
No events

Classes redefined (0 events):
No events

Internal exceptions (20 events):
Event: 1.449 Thread 0x000002525cc0a3d0 Exception <a 'java/lang/ClassNotFoundException'{0x00000000c5093b28}: TreeCell> (0x00000000c5093b28) 
thrown [s\open\src\hotspot\share\classfile\systemDictionary.cpp, line 312]
Event: 1.449 Thread 0x000002525cc0a3d0 Exception <a 'java/lang/ClassNotFoundException'{0x00000000c5094230}: RootPane> (0x00000000c5094230) 
thrown [s\open\src\hotspot\share\classfile\systemDictionary.cpp, line 312]
Event: 1.454 Thread 0x000002525cc0a3d0 Exception <a 'java/lang/ClassNotFoundException'{0x00000000c5096f58}: com/sun/swing/internal/plaf/metal/resources/spi/metalProvider> (0x00000000c5096f58) 
thrown [s\open\src\hotspot\share\classfile\systemDictionary.cpp, line 312]
Event: 1.460 Thread 0x000002525cc0a3d0 Exception <a 'java/lang/ClassNotFoundException'{0x00000000c509ac08}: com/sun/swing/internal/plaf/basic/resources/spi/basicProvider> (0x00000000c509ac08) 
thrown [s\open\src\hotspot\share\classfile\systemDictionary.cpp, line 312]
Event: 1.647 Thread 0x000002527e3bdcf0 Exception <a 'java/lang/ClassNotFoundException'{0x00000000c4f56210}: com/sun/swing/internal/plaf/synth/resources/spi/synthProvider> (0x00000000c4f56210) 
thrown [s\open\src\hotspot\share\classfile\systemDictionary.cpp, line 312]
Event: 1.771 Thread 0x000002527e3bdcf0 Exception <a 'java/lang/NoSuchMethodError'{0x00000000c4f99040}: 'int java.lang.invoke.Invokers$Holder.invokeExact_MT(java.lang.Object, java.lang.Object)'> (0x00000000c4f99040) 
thrown [s\open\src\hotspot\share\interpreter\linkResolver.cpp, line 773]
Event: 1.832 Thread 0x000002527e3bdcf0 Exception <a 'java/lang/NoSuchMethodError'{0x00000000c4fa4c70}: 'java.lang.Object java.lang.invoke.DirectMethodHandle$Holder.newInvokeSpecial(java.lang.Object, java.lang.Object, int)'> (0x00000000c4fa4c70) 
thrown [s\open\src\hotspot\share\interpreter\linkResolver.cpp, line 773]
Event: 1.834 Thread 0x000002527e3bdcf0 Exception <a 'java/lang/NoSuchMethodError'{0x00000000c4fa9b20}: 'int java.lang.invoke.DirectMethodHandle$Holder.invokeSpecial(java.lang.Object, java.lang.Object, java.lang.Object, int)'> (0x00000000c4fa9b20) 
thrown [s\open\src\hotspot\share\interpreter\linkResolver.cpp, line 773]
Event: 1.839 Thread 0x000002527e3bdcf0 Exception <a 'java/lang/NoSuchMethodError'{0x00000000c4fbc178}: 'java.lang.Object java.lang.invoke.DirectMethodHandle$Holder.invokeStatic(java.lang.Object, java.lang.Object, java.lang.Object, java.lang.Object, int)'> (0x00000000c4fbc178) 
thrown [s\open\src\hotspot\share\interpreter\linkResolver.cpp, line 773]
Event: 1.844 Thread 0x000002527e3bdcf0 Exception <a 'java/lang/NoSuchMethodError'{0x00000000c4fc78c8}: 'int java.lang.invoke.DirectMethodHandle$Holder.invokeSpecial(java.lang.Object, java.lang.Object, java.lang.Object)'> (0x00000000c4fc78c8) 
thrown [s\open\src\hotspot\share\interpreter\linkResolver.cpp, line 773]
Event: 3.020 Thread 0x000002527f761840 Exception <a 'java/lang/NoSuchMethodError'{0x00000000c4a15f00}: 'java.lang.Object java.lang.invoke.DirectMethodHandle$Holder.newInvokeSpecial(java.lang.Object, java.lang.Object, java.lang.Object, int, int, int, int, int)'> (0x00000000c4a15f00) 
thrown [s\open\src\hotspot\share\interpreter\linkResolver.cpp, line 773]
Event: 3.189 Thread 0x000002527e302d30 Exception <a 'java/lang/NoSuchMethodError'{0x00000000c510e5a8}: 'void java.lang.invoke.DirectMethodHandle$Holder.invokeVirtual(java.lang.Object, java.lang.Object)'> (0x00000000c510e5a8) 
thrown [s\open\src\hotspot\share\interpreter\linkResolver.cpp, line 773]
Event: 3.312 Thread 0x000002527e3bdcf0 Exception <a 'java/lang/NoSuchMethodError'{0x00000000c4aadba8}: 'void java.lang.invoke.DirectMethodHandle$Holder.invokeStaticInit(java.lang.Object)'> (0x00000000c4aadba8) 
thrown [s\open\src\hotspot\share\interpreter\linkResolver.cpp, line 773]
Event: 4.878 Thread 0x000002527e3bdcf0 Exception <a 'java/lang/NoSuchMethodError'{0x00000000c5188058}: 'java.lang.Object java.lang.invoke.DirectMethodHandle$Holder.invokeInterface(java.lang.Object, java.lang.Object)'> (0x00000000c5188058) 
thrown [s\open\src\hotspot\share\interpreter\linkResolver.cpp, line 773]
Event: 5.458 Thread 0x000002527e3bdcf0 Exception <a 'java/lang/NoSuchMethodError'{0x00000000c4f75dd0}: 'void java.lang.invoke.DirectMethodHandle$Holder.invokeStatic(java.lang.Object, java.lang.Object)'> (0x00000000c4f75dd0) 
thrown [s\open\src\hotspot\share\interpreter\linkResolver.cpp, line 773]
Event: 5.475 Thread 0x000002527e3bdcf0 Exception <a 'java/lang/NoSuchMethodError'{0x00000000c4f80c18}: 'java.lang.Object java.lang.invoke.DirectMethodHandle$Holder.invokeVirtual(java.lang.Object, java.lang.Object, java.lang.Object, java.lang.Object)'> (0x00000000c4f80c18) 
thrown [s\open\src\hotspot\share\interpreter\linkResolver.cpp, line 773]
Event: 5.478 Thread 0x000002527e3bdcf0 Exception <a 'java/lang/NoSuchMethodError'{0x00000000c4f8b540}: 'java.lang.Object java.lang.invoke.Invokers$Holder.invokeExact_MT(java.lang.Object, java.lang.Object, java.lang.Object, java.lang.Object, java.lang.Object)'> (0x00000000c4f8b540) 
thrown [s\open\src\hotspot\share\interpreter\linkResolver.cpp, line 773]
Event: 5.489 Thread 0x000002527e3bdcf0 Exception <a 'java/lang/NoSuchMethodError'{0x00000000c4f96ea8}: 'java.lang.Object java.lang.invoke.DirectMethodHandle$Holder.invokeStaticInit(java.lang.Object, int, int, int, int)'> (0x00000000c4f96ea8) 
thrown [s\open\src\hotspot\share\interpreter\linkResolver.cpp, line 773]
Event: 5.515 Thread 0x000002527e3bdcf0 Exception <a 'java/lang/NoSuchMethodError'{0x00000000c4fcc5d0}: 'java.lang.Object java.lang.invoke.DirectMethodHandle$Holder.invokeStaticInit(java.lang.Object, java.lang.Object, int, int, int, int)'> (0x00000000c4fcc5d0) 
thrown [s\open\src\hotspot\share\interpreter\linkResolver.cpp, line 773]
Event: 5.667 Thread 0x000002527e3bdcf0 Exception <a 'sun/nio/fs/WindowsException'{0x00000000c4e4df78}> (0x00000000c4e4df78) 
thrown [s\open\src\hotspot\share\prims\jni.cpp, line 520]

ZGC Phase Switch (0 events):
No events

VM Operations (20 events):
Event: 2.153 Executing VM operation: HandshakeAllThreads (Deoptimize)
Event: 2.153 Executing VM operation: HandshakeAllThreads (Deoptimize) done
Event: 3.158 Executing VM operation: Cleanup
Event: 3.174 Executing VM operation: Cleanup done
Event: 3.174 Executing VM operation: HandshakeAllThreads (Deoptimize)
Event: 3.174 Executing VM operation: HandshakeAllThreads (Deoptimize) done
Event: 3.206 Executing VM operation: HandshakeAllThreads (Deoptimize)
Event: 3.206 Executing VM operation: HandshakeAllThreads (Deoptimize) done
Event: 3.672 Executing VM operation: G1CollectForAllocation (G1 Evacuation Pause)
Event: 3.686 Executing VM operation: G1CollectForAllocation (G1 Evacuation Pause) done
Event: 3.932 Executing VM operation: HandshakeAllThreads (Deoptimize)
Event: 3.932 Executing VM operation: HandshakeAllThreads (Deoptimize) done
Event: 4.943 Executing VM operation: Cleanup
Event: 4.943 Executing VM operation: Cleanup done
Event: 5.954 Executing VM operation: Cleanup
Event: 5.970 Executing VM operation: Cleanup done
Event: 6.291 Executing VM operation: HandshakeAllThreads (Deoptimize)
Event: 6.291 Executing VM operation: HandshakeAllThreads (Deoptimize) done
Event: 6.299 Executing VM operation: HandshakeAllThreads (Deoptimize)
Event: 6.299 Executing VM operation: HandshakeAllThreads (Deoptimize) done

Events (20 events):
Event: 0.092 Thread 0x0000025279a559a0 Thread added: 0x0000025279a559a0
Event: 0.092 Thread 0x0000025279a56400 Thread added: 0x0000025279a56400
Event: 0.093 Thread 0x0000025279a56e60 Thread added: 0x0000025279a56e60
Event: 0.093 Thread 0x0000025279a58c00 Thread added: 0x0000025279a58c00
Event: 0.094 Thread 0x0000025279a6e100 Thread added: 0x0000025279a6e100
Event: 0.213 Thread 0x0000025279a3d5a0 Thread added: 0x0000025279a3d5a0
Event: 0.295 Thread 0x000002527e154ff0 Thread added: 0x000002527e154ff0
Event: 0.914 Thread 0x000002527e2fe030 Thread added: 0x000002527e2fe030
Event: 0.917 Thread 0x000002527e3006b0 Thread added: 0x000002527e3006b0
Event: 0.921 Thread 0x000002527e302d30 Thread added: 0x000002527e302d30
Event: 1.486 Thread 0x000002527e3bdcf0 Thread added: 0x000002527e3bdcf0
Event: 1.487 Thread 0x000002525cc0a3d0 Thread exited: 0x000002525cc0a3d0
Event: 1.487 Thread 0x000002525cc0a3d0 Thread added: 0x000002525cc0a3d0
Event: 2.463 Thread 0x000002527f8097c0 Thread added: 0x000002527f8097c0
Event: 3.005 Thread 0x000002527f761840 Thread added: 0x000002527f761840
Event: 3.686 Thread 0x000002527e199f00 Thread added: 0x000002527e199f00
Event: 4.088 Thread 0x000002527e199f00 Thread exited: 0x000002527e199f00
Event: 4.418 Thread 0x000002527f9370c0 Thread added: 0x000002527f9370c0
Event: 4.899 Thread 0x000002527f9370c0 Thread exited: 0x000002527f9370c0
Event: 6.450 Thread 0x000002527f838120 Thread added: 0x000002527f838120


Dynamic libraries:
0x00007ff6c3170000 - 0x00007ff6c3180000 	C:\Program Files\Java\jdk-21\bin\java.exe
0x00007ffbe2f50000 - 0x00007ffbe3148000 	C:\Windows\SYSTEM32\ntdll.dll
0x00007ffbe2700000 - 0x00007ffbe27c1000 	C:\Windows\System32\KERNEL32.DLL
0x00007ffbe08a0000 - 0x00007ffbe0b9d000 	C:\Windows\System32\KERNELBASE.dll
0x00007ffbe0d80000 - 0x00007ffbe0e80000 	C:\Windows\System32\ucrtbase.dll
0x00007ffbdd000000 - 0x00007ffbdd01b000 	C:\Program Files\Java\jdk-21\bin\VCRUNTIME140.dll
0x00007ffbdcef0000 - 0x00007ffbdcf09000 	C:\Program Files\Java\jdk-21\bin\jli.dll
0x00007ffbe1850000 - 0x00007ffbe1900000 	C:\Windows\System32\ADVAPI32.dll
0x00007ffbe2450000 - 0x00007ffbe24ee000 	C:\Windows\System32\msvcrt.dll
0x00007ffbe1f60000 - 0x00007ffbe2000000 	C:\Windows\System32\sechost.dll
0x00007ffbe1720000 - 0x00007ffbe1843000 	C:\Windows\System32\RPCRT4.dll
0x00007ffbe07d0000 - 0x00007ffbe07f7000 	C:\Windows\System32\bcrypt.dll
0x00007ffbe1dc0000 - 0x00007ffbe1f5d000 	C:\Windows\System32\USER32.dll
0x00007ffbe0d00000 - 0x00007ffbe0d22000 	C:\Windows\System32\win32u.dll
0x00007ffbe25e0000 - 0x00007ffbe260b000 	C:\Windows\System32\GDI32.dll
0x00007ffbe06b0000 - 0x00007ffbe07c7000 	C:\Windows\System32\gdi32full.dll
0x00007ffbe0800000 - 0x00007ffbe089d000 	C:\Windows\System32\msvcp_win.dll
0x00007ffbd3450000 - 0x00007ffbd36ea000 	C:\Windows\WinSxS\amd64_microsoft.windows.common-controls_6595b64144ccf1df_6.0.19041.4355_none_60b8b9eb71f62e16\COMCTL32.dll
0x00007ffbd37f0000 - 0x00007ffbd37fa000 	C:\Windows\SYSTEM32\VERSION.dll
0x00007ffbe0f80000 - 0x00007ffbe0faf000 	C:\Windows\System32\IMM32.DLL
0x00007ffbdd1d0000 - 0x00007ffbdd1dc000 	C:\Program Files\Java\jdk-21\bin\vcruntime140_1.dll
0x00007ffbbfb40000 - 0x00007ffbbfbce000 	C:\Program Files\Java\jdk-21\bin\msvcp140.dll
0x00007ffb79010000 - 0x00007ffb79d25000 	C:\Program Files\Java\jdk-21\bin\server\jvm.dll
0x00007ffbe2690000 - 0x00007ffbe26fb000 	C:\Windows\System32\WS2_32.dll
0x00007ffbe0460000 - 0x00007ffbe04ab000 	C:\Windows\SYSTEM32\POWRPROF.dll
0x00007ffbd2c50000 - 0x00007ffbd2c77000 	C:\Windows\SYSTEM32\WINMM.dll
0x00007ffbe0440000 - 0x00007ffbe0452000 	C:\Windows\SYSTEM32\UMPDC.dll
0x00007ffbde480000 - 0x00007ffbde492000 	C:\Windows\SYSTEM32\kernel.appcore.dll
0x00007ffbdcf50000 - 0x00007ffbdcf5a000 	C:\Program Files\Java\jdk-21\bin\jimage.dll
0x00007ffbcaa80000 - 0x00007ffbcac64000 	C:\Windows\SYSTEM32\DBGHELP.DLL
0x00007ffbca9e0000 - 0x00007ffbcaa14000 	C:\Windows\SYSTEM32\dbgcore.DLL
0x00007ffbe0e80000 - 0x00007ffbe0f02000 	C:\Windows\System32\bcryptPrimitives.dll
0x00007ffbd9b50000 - 0x00007ffbd9b6f000 	C:\Program Files\Java\jdk-21\bin\java.dll
0x00007ffbe0fb0000 - 0x00007ffbe171f000 	C:\Windows\System32\SHELL32.dll
0x00007ffbde680000 - 0x00007ffbdee23000 	C:\Windows\SYSTEM32\windows.storage.dll
0x00007ffbe20f0000 - 0x00007ffbe2443000 	C:\Windows\System32\combase.dll
0x00007ffbdff60000 - 0x00007ffbdff8e000 	C:\Windows\SYSTEM32\Wldp.dll
0x00007ffbe28f0000 - 0x00007ffbe29bd000 	C:\Windows\System32\OLEAUT32.dll
0x00007ffbe2510000 - 0x00007ffbe25bd000 	C:\Windows\System32\SHCORE.dll
0x00007ffbe1d60000 - 0x00007ffbe1db5000 	C:\Windows\System32\shlwapi.dll
0x00007ffbe0530000 - 0x00007ffbe0554000 	C:\Windows\SYSTEM32\profapi.dll
0x00007ffbbf6e0000 - 0x00007ffbbf7b7000 	C:\Program Files\Java\jdk-21\bin\jsvml.dll
0x00007ffbdce00000 - 0x00007ffbdce10000 	C:\Program Files\Java\jdk-21\bin\net.dll
0x00007ffbd91e0000 - 0x00007ffbd92ed000 	C:\Windows\SYSTEM32\WINHTTP.dll
0x00007ffbdfcc0000 - 0x00007ffbdfd2a000 	C:\Windows\system32\mswsock.dll
0x00007ffbd0260000 - 0x00007ffbd0276000 	C:\Program Files\Java\jdk-21\bin\nio.dll
0x00007ffbcbba0000 - 0x00007ffbcbbb8000 	C:\Program Files\Java\jdk-21\bin\zip.dll
0x00007ffbba620000 - 0x00007ffbba7af000 	C:\Program Files\Java\jdk-21\bin\awt.dll
0x00007ffbdcb90000 - 0x00007ffbdcc24000 	C:\Windows\SYSTEM32\apphelp.dll
0x00007ffbddf70000 - 0x00007ffbde00e000 	C:\Windows\system32\uxtheme.dll
0x00007ffbe27d0000 - 0x00007ffbe28e5000 	C:\Windows\System32\MSCTF.dll
0x00007ffbe19b0000 - 0x00007ffbe1adb000 	C:\Windows\System32\ole32.dll
0x00007ffbde2a0000 - 0x00007ffbde2cf000 	C:\Windows\system32\DWMAPI.DLL
0x00007ffbbf220000 - 0x00007ffbbf2a7000 	C:\Program Files\Java\jdk-21\bin\freetype.dll
0x00007ffbba540000 - 0x00007ffbba613000 	C:\Program Files\Java\jdk-21\bin\fontmanager.dll
0x00007ffbc1ad0000 - 0x00007ffbc1bf8000 	C:\Windows\system32\opengl32.dll
0x00007ffbc1aa0000 - 0x00007ffbc1acc000 	C:\Windows\SYSTEM32\GLU32.dll
0x00007ffbdc790000 - 0x00007ffbdc7a0000 	C:\Program Files\Java\jdk-21\bin\verify.dll
0x00007ffbe1900000 - 0x00007ffbe19a9000 	C:\Windows\System32\clbcatq.dll
0x00007ffbddd80000 - 0x00007ffbddf36000 	C:\Windows\SYSTEM32\WindowsCodecs.dll
0x00007ffbc2ae0000 - 0x00007ffbc2b1e000 	C:\Windows\system32\dataexchange.dll
0x00007ffbdafa0000 - 0x00007ffbdb203000 	C:\Windows\system32\d3d11.dll
0x00007ffbdb9d0000 - 0x00007ffbdbbb4000 	C:\Windows\system32\dcomp.dll
0x00007ffbdee90000 - 0x00007ffbdef86000 	C:\Windows\system32\dxgi.dll
0x00007ffbdc980000 - 0x00007ffbdcb83000 	C:\Windows\system32\twinapi.appcore.dll
0x00007ffbda940000 - 0x00007ffbda947000 	C:\Program Files\Java\jdk-21\bin\extnet.dll
0x00007ffbd89c0000 - 0x00007ffbd89d7000 	C:\Windows\system32\napinsp.dll
0x00007ffbcd3f0000 - 0x00007ffbcd40b000 	C:\Windows\system32\pnrpnsp.dll
0x00007ffbc3660000 - 0x00007ffbc3675000 	C:\Windows\system32\wshbth.dll
0x00007ffbdc500000 - 0x00007ffbdc51d000 	C:\Windows\system32\NLAapi.dll
0x00007ffbdf9a0000 - 0x00007ffbdf9db000 	C:\Windows\SYSTEM32\IPHLPAPI.DLL
0x00007ffbdf9e0000 - 0x00007ffbdfaaa000 	C:\Windows\SYSTEM32\DNSAPI.dll
0x00007ffbe24f0000 - 0x00007ffbe24f8000 	C:\Windows\System32\NSI.dll
0x00007ffbcb5f0000 - 0x00007ffbcb602000 	C:\Windows\System32\winrnr.dll
0x00007ffbd2cc0000 - 0x00007ffbd2cca000 	C:\Windows\System32\rasadhlp.dll
0x00007ffbd3050000 - 0x00007ffbd30d0000 	C:\Windows\System32\fwpuclnt.dll
0x00007ffbdfec0000 - 0x00007ffbdfed8000 	C:\Windows\SYSTEM32\CRYPTSP.dll
0x00007ffbdf5e0000 - 0x00007ffbdf614000 	C:\Windows\system32\rsaenh.dll
0x00007ffbe04b0000 - 0x00007ffbe04de000 	C:\Windows\SYSTEM32\USERENV.dll
0x00007ffbdfeb0000 - 0x00007ffbdfebc000 	C:\Windows\SYSTEM32\CRYPTBASE.dll
0x00007ffbdd5e0000 - 0x00007ffbdd5ee000 	C:\Program Files\Java\jdk-21\bin\sunmscapi.dll
0x00007ffbe0ba0000 - 0x00007ffbe0cfc000 	C:\Windows\System32\CRYPT32.dll
0x00007ffbdffd0000 - 0x00007ffbdfff9000 	C:\Windows\SYSTEM32\ncrypt.dll
0x00007ffbdff90000 - 0x00007ffbdffcb000 	C:\Windows\SYSTEM32\NTASN1.dll

dbghelp: loaded successfully - version: 4.0.5 - missing functions: none
symbol engine: initialized successfully - sym options: 0x614 - pdb path: .;C:\Program Files\Java\jdk-21\bin;C:\Windows\SYSTEM32;C:\Windows\WinSxS\amd64_microsoft.windows.common-controls_6595b64144ccf1df_6.0.19041.4355_none_60b8b9eb71f62e16;C:\Program Files\Java\jdk-21\bin\server

VM Arguments:
jvm_args: -Dfile.encoding=UTF-8 --enable-preview --module-path=C:\Users\Admin\Documents\NetBeansProjects\QuanLyNhanVien\build\classes 
java_command: quanlynhanvien.JfKhenThuong
java_class_path (initial): C:\Users\Admin\Downloads\couple\sqljdbc_12.8\enu\jars\mssql-jdbc-12.8.1.jre8.jar;C:\Users\Admin\Downloads\jcalendar-1.4\lib\jcalendar-1.4.jar;C:\Users\Admin\Documents\NetBeansProjects\QuanLyNhanVien\build\classes
Launcher Type: SUN_STANDARD

[Global flags]
     intx CICompilerCount                          = 3                                         {product} {ergonomic}
     uint ConcGCThreads                            = 1                                         {product} {ergonomic}
     uint G1ConcRefinementThreads                  = 4                                         {product} {ergonomic}
   size_t G1HeapRegionSize                         = 1048576                                   {product} {ergonomic}
    uintx GCDrainStackTargetSize                   = 64                                        {product} {ergonomic}
   size_t InitialHeapSize                          = 67108864                                  {product} {ergonomic}
   size_t MarkStackSize                            = 4194304                                   {product} {ergonomic}
   size_t MaxHeapSize                              = 1050673152                                {product} {ergonomic}
   size_t MaxNewSize                               = 630194176                                 {product} {ergonomic}
   size_t MinHeapDeltaBytes                        = 1048576                                   {product} {ergonomic}
   size_t MinHeapSize                              = 8388608                                   {product} {ergonomic}
    uintx NonNMethodCodeHeapSize                   = 5832780                                {pd product} {ergonomic}
    uintx NonProfiledCodeHeapSize                  = 122912730                              {pd product} {ergonomic}
    uintx ProfiledCodeHeapSize                     = 122912730                              {pd product} {ergonomic}
    uintx ReservedCodeCacheSize                    = 251658240                              {pd product} {ergonomic}
     bool SegmentedCodeCache                       = true                                      {product} {ergonomic}
   size_t SoftMaxHeapSize                          = 1050673152                             {manageable} {ergonomic}
     bool UseCompressedOops                        = true                           {product lp64_product} {ergonomic}
     bool UseG1GC                                  = true                                      {product} {ergonomic}
     bool UseLargePagesIndividualAllocation        = false                                  {pd product} {ergonomic}

Logging:
Log output configuration:
 #0: stdout all=warning uptime,level,tags foldmultilines=false
 #1: stderr all=off uptime,level,tags foldmultilines=false

Environment Variables:
JAVA_HOME=C:\Program Files\Java\jdk-20\jdk-20
PATH=C:\Program Files\Common Files\Oracle\Java\javapath;C:\Windows\system32;C:\Windows;C:\Windows\System32\Wbem;C:\Windows\System32\WindowsPowerShell\v1.0\;C:\Windows\System32\OpenSSH\;%JAVA_HOME%\bin;C:\Program Files\Java\jdk-21\bin;D:\New folder\R2022b\runtime\win64;C:\Program Files\dotnet\;C:\Program Files (x86)\Microsoft SQL Server\160\Tools\Binn\;C:\Program Files\Microsoft SQL Server\160\Tools\Binn\;C:\Program Files\Microsoft SQL Server\Client SDK\ODBC\170\Tools\Binn\;C:\Program Files\Microsoft SQL Server\160\DTS\Binn\;C:\Program Files (x86)\Microsoft SQL Server\160\DTS\Binn\;C:\Program Files\Microsoft SQL Server\150\Tools\Binn\;C:\Users\Admin\AppData\Local\Programs\Python\Python312\Scripts\;C:\Users\Admin\AppData\Local\Programs\Python\Python312\;C:\Users\Admin\AppData\Local\Programs\Python\Launcher\;C:\Users\Admin\AppData\Local\Microsoft\WindowsApps;;C:\Users\Admin\AppData\Local\Programs\Microsoft VS Code\bin;C:\Users\Admin\.dotnet\tools
USERNAME=Admin
OS=Windows_NT
PROCESSOR_IDENTIFIER=Intel64 Family 6 Model 61 Stepping 4, GenuineIntel
TMP=C:\Users\Admin\AppData\Local\Temp
TEMP=C:\Users\Admin\AppData\Local\Temp




Periodic native trim disabled

---------------  S Y S T E M  ---------------

OS:
 Windows 10 , 64 bit Build 19041 (10.0.19041.4842)
OS uptime: 0 days 17:08 hours

CPU: total 4 (initial active 4) (2 cores per cpu, 2 threads per core) family 6 model 61 stepping 4 microcode 0x2d, cx8, cmov, fxsr, ht, mmx, 3dnowpref, sse, sse2, sse3, ssse3, sse4.1, sse4.2, popcnt, lzcnt, tsc, tscinvbit, avx, avx2, aes, erms, clmul, bmi1, bmi2, adx, fma, vzeroupper, clflush, rdtscp, f16c
Processor Information for all 4 processors :
  Max Mhz: 2000, Current Mhz: 2000, Mhz Limit: 2000

Memory: 4k page, system-wide physical 4005M (414M free)
TotalPageFile size 13606M (AvailPageFile size 0M)
current process WorkingSet (physical memory assigned to process): 98M, peak: 98M
current process commit charge ("private bytes"): 172M, peak: 173M

vm_info: Java HotSpot(TM) 64-Bit Server VM (21.0.1+12-LTS-29) for windows-amd64 JRE (21.0.1+12-LTS-29), built on 2023-10-05T13:27:09Z by "mach5one" with MS VC++ 17.1 (VS2022)

END.
